Arguments: 
  /usr/local/bin/node /usr/local/Cellar/yarn/1.22.15/libexec/bin/yarn.js add gulp

PATH: 
  /usr/local/bin:/usr/local/sbin:/Library/Frameworks/Python.framework/Versions/3.9/bin:/usr/local/bin:/usr/bin:/bin:/usr/sbin:/sbin:/Library/Apple/usr/bin

Yarn version: 
  1.22.15

Node version: 
  12.13.1

Platform: 
  darwin x64

Trace: 
  Error: https://registry.yarnpkg.com/@vant%2fweapp: ETIMEDOUT
      at Timeout._onTimeout (/usr/local/Cellar/yarn/1.22.15/libexec/lib/cli.js:141545:19)
      at listOnTimeout (internal/timers.js:531:17)
      at processTimers (internal/timers.js:475:7)

npm manifest: 
  {
    "name": "shopping",
    "version": "1.0.0",
    "description": "",
    "main": ".eslintrc.js",
    "scripts": {
      "test": "echo \"Error: no test specified\" && exit 1"
    },
    "keywords": [],
    "author": "",
    "license": "ISC",
    "dependencies": {
      "@vant/weapp": "^1.9.2"
    }
  }

yarn manifest: 
  No manifest

Lockfile: 
  No lockfile
